<?xml version="1.0" encoding="UTF-8"?>
<testsuite xmlns:xsi="http://www.w3.org/2001/XMLSchema-instance" xsi:noNamespaceSchemaLocation="https://maven.apache.org/surefire/maven-surefire-plugin/xsd/surefire-test-report.xsd" version="3.0.2" name="com.example.dorm.controller.RoomControllerTest" time="2.776" tests="13" errors="0" skipped="0" failures="0">
  <properties>
[...]
</properties>
  <testcase name="testShowCreateForm_Success" classname="com.example.dorm.controller.RoomControllerTest" time="0.582">
    <system-out><![CDATA[2025-09-10T16:45:19.523+07:00  INFO 22612 --- [           main] .b.t.c.SpringBootTestContextBootstrapper : Found @SpringBootConfiguration com.example.dorm.DormitoryApplication for test class com.example.dorm.controller.RoomControllerTest
2025-09-10T16:45:19.530+07:00  INFO 22612 --- [           main] o.s.b.d.r.RestartApplicationListener     : Restart disabled due to context in which it is running

  .   ____          _            __ _ _
 /\\ / ___'_ __ _ _(_)_ __  __ _ \ \ \ \
( ( )\___ | '_ | '_| | '_ \/ _` | \ \ \ \
 \\/  ___)| |_)| | | | | || (_| |  ) ) ) )
  '  |____| .__|_| |_|_| |_\__, | / / / /
 =========|_|==============|___/=/_/_/_/

 :: Spring Boot ::                (v3.5.0)

2025-09-10T16:45:19.567+07:00  INFO 22612 --- [           main] c.e.dorm.controller.RoomControllerTest   : Starting RoomControllerTest using Java 24.0.1 with PID 22612 (started by Admin in d:\SAD\SAD_N02_Term1_2025_K17_Group3)
2025-09-10T16:45:19.568+07:00  INFO 22612 --- [           main] c.e.dorm.controller.RoomControllerTest   : No active profile set, falling back to 1 default profile: "default"
2025-09-10T16:45:20.163+07:00  WARN 22612 --- [           main] .s.s.UserDetailsServiceAutoConfiguration : 

Using generated security password: 1878a710-edf2-450e-a124-abc6fa8f907a

This generated password is for development use only. Your security configuration must be updated before running your application in production.

2025-09-10T16:45:20.173+07:00  INFO 22612 --- [           main] r$InitializeUserDetailsManagerConfigurer : Global AuthenticationManager configured with UserDetailsService bean with name inMemoryUserDetailsManager
2025-09-10T16:45:20.379+07:00 DEBUG 22612 --- [           main] o.s.s.web.DefaultSecurityFilterChain     : Will secure any request with filters: DisableEncodeUrlFilter, WebAsyncManagerIntegrationFilter, SecurityContextHolderFilter, HeaderWriterFilter, LogoutFilter, RequestCacheAwareFilter, SecurityContextHolderAwareRequestFilter, AnonymousAuthenticationFilter, ExceptionTranslationFilter, AuthorizationFilter
2025-09-10T16:45:21.313+07:00  INFO 22612 --- [           main] o.s.b.t.m.w.SpringBootMockServletContext : Initializing Spring TestDispatcherServlet ''
2025-09-10T16:45:21.314+07:00  INFO 22612 --- [           main] o.s.t.web.servlet.TestDispatcherServlet  : Initializing Servlet ''
2025-09-10T16:45:21.316+07:00  INFO 22612 --- [           main] o.s.t.web.servlet.TestDispatcherServlet  : Completed initialization in 1 ms
2025-09-10T16:45:21.364+07:00  INFO 22612 --- [           main] c.e.dorm.controller.RoomControllerTest   : Started RoomControllerTest in 1.833 seconds (process running for 6.259)
2025-09-10T16:45:21.473+07:00 DEBUG 22612 --- [           main] o.s.security.web.FilterChainProxy        : Securing GET /rooms/new
2025-09-10T16:45:21.493+07:00 DEBUG 22612 --- [           main] o.s.security.web.FilterChainProxy        : Secured GET /rooms/new
2025-09-10T16:45:21.861+07:00  WARN 22612 --- [           main] actStandardFragmentInsertionTagProcessor : [THYMELEAF][main][rooms/form] Deprecated unwrapped fragment expression "fragments/header :: header" found in template rooms/form, line 27, col 10. Please use the complete syntax of fragment expressions instead ("~{fragments/header :: header}"). The old, unwrapped syntax for fragment expressions will be removed in future versions of Thymeleaf.
2025-09-10T16:45:21.891+07:00  WARN 22612 --- [           main] actStandardFragmentInsertionTagProcessor : [THYMELEAF][main][rooms/form] Deprecated unwrapped fragment expression "fragments/sidebar :: sidebar" found in template rooms/form, line 28, col 10. Please use the complete syntax of fragment expressions instead ("~{fragments/sidebar :: sidebar}"). The old, unwrapped syntax for fragment expressions will be removed in future versions of Thymeleaf.
2025-09-10T16:45:21.946+07:00 DEBUG 22612 --- [           main] o.s.s.w.a.AnonymousAuthenticationFilter  : Set SecurityContextHolder to anonymous SecurityContext
]]></system-out>
  </testcase>
  <testcase name="testCreateRoom_Exception" classname="com.example.dorm.controller.RoomControllerTest" time="0.043">
    <system-out><![CDATA[2025-09-10T16:45:21.989+07:00 DEBUG 22612 --- [           main] o.s.security.web.FilterChainProxy        : Securing POST /rooms
2025-09-10T16:45:21.989+07:00 DEBUG 22612 --- [           main] o.s.security.web.FilterChainProxy        : Secured POST /rooms
2025-09-10T16:45:22.002+07:00 DEBUG 22612 --- [           main] o.s.s.w.a.AnonymousAuthenticationFilter  : Set SecurityContextHolder to anonymous SecurityContext
]]></system-out>
  </testcase>
  <testcase name="testCreateRoom_Success" classname="com.example.dorm.controller.RoomControllerTest" time="0.021">
    <system-out><![CDATA[2025-09-10T16:45:22.017+07:00 DEBUG 22612 --- [           main] o.s.security.web.FilterChainProxy        : Securing POST /rooms
2025-09-10T16:45:22.017+07:00 DEBUG 22612 --- [           main] o.s.security.web.FilterChainProxy        : Secured POST /rooms
2025-09-10T16:45:22.019+07:00 DEBUG 22612 --- [           main] o.s.s.w.a.AnonymousAuthenticationFilter  : Set SecurityContextHolder to anonymous SecurityContext
]]></system-out>
  </testcase>
  <testcase name="testShowUpdateForm_Success" classname="com.example.dorm.controller.RoomControllerTest" time="0.028">
    <system-out><![CDATA[2025-09-10T16:45:22.035+07:00 DEBUG 22612 --- [           main] o.s.security.web.FilterChainProxy        : Securing GET /rooms/1/edit
2025-09-10T16:45:22.035+07:00 DEBUG 22612 --- [           main] o.s.security.web.FilterChainProxy        : Secured GET /rooms/1/edit
2025-09-10T16:45:22.042+07:00  WARN 22612 --- [           main] actStandardFragmentInsertionTagProcessor : [THYMELEAF][main][rooms/form] Deprecated unwrapped fragment expression "fragments/header :: header" found in template rooms/form, line 27, col 10. Please use the complete syntax of fragment expressions instead ("~{fragments/header :: header}"). The old, unwrapped syntax for fragment expressions will be removed in future versions of Thymeleaf.
2025-09-10T16:45:22.045+07:00  WARN 22612 --- [           main] actStandardFragmentInsertionTagProcessor : [THYMELEAF][main][rooms/form] Deprecated unwrapped fragment expression "fragments/sidebar :: sidebar" found in template rooms/form, line 28, col 10. Please use the complete syntax of fragment expressions instead ("~{fragments/sidebar :: sidebar}"). The old, unwrapped syntax for fragment expressions will be removed in future versions of Thymeleaf.
2025-09-10T16:45:22.056+07:00 DEBUG 22612 --- [           main] o.s.s.w.a.AnonymousAuthenticationFilter  : Set SecurityContextHolder to anonymous SecurityContext
]]></system-out>
  </testcase>
  <testcase name="testDeleteRoom_Success" classname="com.example.dorm.controller.RoomControllerTest" time="0.009">
    <system-out><![CDATA[2025-09-10T16:45:22.066+07:00 DEBUG 22612 --- [           main] o.s.security.web.FilterChainProxy        : Securing GET /rooms/1/delete
2025-09-10T16:45:22.067+07:00 DEBUG 22612 --- [           main] o.s.security.web.FilterChainProxy        : Secured GET /rooms/1/delete
2025-09-10T16:45:22.068+07:00 DEBUG 22612 --- [           main] o.s.s.w.a.AnonymousAuthenticationFilter  : Set SecurityContextHolder to anonymous SecurityContext
]]></system-out>
  </testcase>
  <testcase name="testUpdateRoom_Success" classname="com.example.dorm.controller.RoomControllerTest" time="0.013">
    <system-out><![CDATA[2025-09-10T16:45:22.075+07:00 DEBUG 22612 --- [           main] o.s.security.web.FilterChainProxy        : Securing POST /rooms/1
2025-09-10T16:45:22.075+07:00 DEBUG 22612 --- [           main] o.s.security.web.FilterChainProxy        : Secured POST /rooms/1
2025-09-10T16:45:22.081+07:00 DEBUG 22612 --- [           main] o.s.s.w.a.AnonymousAuthenticationFilter  : Set SecurityContextHolder to anonymous SecurityContext
]]></system-out>
  </testcase>
  <testcase name="testDeleteRoom_NotFound" classname="com.example.dorm.controller.RoomControllerTest" time="0.01">
    <system-out><![CDATA[2025-09-10T16:45:22.089+07:00 DEBUG 22612 --- [           main] o.s.security.web.FilterChainProxy        : Securing GET /rooms/1/delete
2025-09-10T16:45:22.089+07:00 DEBUG 22612 --- [           main] o.s.security.web.FilterChainProxy        : Secured GET /rooms/1/delete
2025-09-10T16:45:22.091+07:00 DEBUG 22612 --- [           main] o.s.s.w.a.AnonymousAuthenticationFilter  : Set SecurityContextHolder to anonymous SecurityContext
]]></system-out>
  </testcase>
  <testcase name="testListRooms_Success" classname="com.example.dorm.controller.RoomControllerTest" time="0.064">
    <system-out><![CDATA[2025-09-10T16:45:22.102+07:00 DEBUG 22612 --- [           main] o.s.security.web.FilterChainProxy        : Securing GET /rooms
2025-09-10T16:45:22.102+07:00 DEBUG 22612 --- [           main] o.s.security.web.FilterChainProxy        : Secured GET /rooms
2025-09-10T16:45:22.127+07:00  WARN 22612 --- [           main] actStandardFragmentInsertionTagProcessor : [THYMELEAF][main][rooms/list] Deprecated unwrapped fragment expression "fragments/header :: header" found in template rooms/list, line 10, col 10. Please use the complete syntax of fragment expressions instead ("~{fragments/header :: header}"). The old, unwrapped syntax for fragment expressions will be removed in future versions of Thymeleaf.
2025-09-10T16:45:22.129+07:00  WARN 22612 --- [           main] actStandardFragmentInsertionTagProcessor : [THYMELEAF][main][rooms/list] Deprecated unwrapped fragment expression "fragments/sidebar :: sidebar" found in template rooms/list, line 11, col 10. Please use the complete syntax of fragment expressions instead ("~{fragments/sidebar :: sidebar}"). The old, unwrapped syntax for fragment expressions will be removed in future versions of Thymeleaf.
2025-09-10T16:45:22.133+07:00  WARN 22612 --- [           main] actStandardFragmentInsertionTagProcessor : [THYMELEAF][main][rooms/list] Deprecated unwrapped fragment expression "fragments/header :: popup" found in template rooms/list, line 15, col 14. Please use the complete syntax of fragment expressions instead ("~{fragments/header :: popup}"). The old, unwrapped syntax for fragment expressions will be removed in future versions of Thymeleaf.
2025-09-10T16:45:22.158+07:00 DEBUG 22612 --- [           main] o.s.s.w.a.AnonymousAuthenticationFilter  : Set SecurityContextHolder to anonymous SecurityContext
]]></system-out>
  </testcase>
  <testcase name="testViewRoom_Success" classname="com.example.dorm.controller.RoomControllerTest" time="0.043">
    <system-out><![CDATA[2025-09-10T16:45:22.167+07:00 DEBUG 22612 --- [           main] o.s.security.web.FilterChainProxy        : Securing GET /rooms/1
2025-09-10T16:45:22.167+07:00 DEBUG 22612 --- [           main] o.s.security.web.FilterChainProxy        : Secured GET /rooms/1
2025-09-10T16:45:22.183+07:00  WARN 22612 --- [           main] actStandardFragmentInsertionTagProcessor : [THYMELEAF][main][rooms/detail] Deprecated unwrapped fragment expression "fragments/header :: header" found in template rooms/detail, line 10, col 10. Please use the complete syntax of fragment expressions instead ("~{fragments/header :: header}"). The old, unwrapped syntax for fragment expressions will be removed in future versions of Thymeleaf.
2025-09-10T16:45:22.184+07:00  WARN 22612 --- [           main] actStandardFragmentInsertionTagProcessor : [THYMELEAF][main][rooms/detail] Deprecated unwrapped fragment expression "fragments/sidebar :: sidebar" found in template rooms/detail, line 11, col 10. Please use the complete syntax of fragment expressions instead ("~{fragments/sidebar :: sidebar}"). The old, unwrapped syntax for fragment expressions will be removed in future versions of Thymeleaf.
2025-09-10T16:45:22.203+07:00 DEBUG 22612 --- [           main] o.s.s.w.a.AnonymousAuthenticationFilter  : Set SecurityContextHolder to anonymous SecurityContext
]]></system-out>
  </testcase>
  <testcase name="testListRooms_Exception" classname="com.example.dorm.controller.RoomControllerTest" time="0.026">
    <system-out><![CDATA[2025-09-10T16:45:22.212+07:00 DEBUG 22612 --- [           main] o.s.security.web.FilterChainProxy        : Securing GET /rooms
2025-09-10T16:45:22.213+07:00 DEBUG 22612 --- [           main] o.s.security.web.FilterChainProxy        : Secured GET /rooms
2025-09-10T16:45:22.226+07:00  WARN 22612 --- [           main] actStandardFragmentInsertionTagProcessor : [THYMELEAF][main][error] Deprecated unwrapped fragment expression "fragments/header :: header" found in template error, line 9, col 10. Please use the complete syntax of fragment expressions instead ("~{fragments/header :: header}"). The old, unwrapped syntax for fragment expressions will be removed in future versions of Thymeleaf.
2025-09-10T16:45:22.227+07:00  WARN 22612 --- [           main] actStandardFragmentInsertionTagProcessor : [THYMELEAF][main][error] Deprecated unwrapped fragment expression "fragments/sidebar :: sidebar" found in template error, line 10, col 10. Please use the complete syntax of fragment expressions instead ("~{fragments/sidebar :: sidebar}"). The old, unwrapped syntax for fragment expressions will be removed in future versions of Thymeleaf.
2025-09-10T16:45:22.230+07:00 DEBUG 22612 --- [           main] o.s.s.w.a.AnonymousAuthenticationFilter  : Set SecurityContextHolder to anonymous SecurityContext
]]></system-out>
  </testcase>
  <testcase name="testViewRoom_NotFound" classname="com.example.dorm.controller.RoomControllerTest" time="0.013">
    <system-out><![CDATA[2025-09-10T16:45:22.236+07:00 DEBUG 22612 --- [           main] o.s.security.web.FilterChainProxy        : Securing GET /rooms/1
2025-09-10T16:45:22.236+07:00 DEBUG 22612 --- [           main] o.s.security.web.FilterChainProxy        : Secured GET /rooms/1
2025-09-10T16:45:22.239+07:00  WARN 22612 --- [           main] actStandardFragmentInsertionTagProcessor : [THYMELEAF][main][error] Deprecated unwrapped fragment expression "fragments/header :: header" found in template error, line 9, col 10. Please use the complete syntax of fragment expressions instead ("~{fragments/header :: header}"). The old, unwrapped syntax for fragment expressions will be removed in future versions of Thymeleaf.
2025-09-10T16:45:22.240+07:00  WARN 22612 --- [           main] actStandardFragmentInsertionTagProcessor : [THYMELEAF][main][error] Deprecated unwrapped fragment expression "fragments/sidebar :: sidebar" found in template error, line 10, col 10. Please use the complete syntax of fragment expressions instead ("~{fragments/sidebar :: sidebar}"). The old, unwrapped syntax for fragment expressions will be removed in future versions of Thymeleaf.
2025-09-10T16:45:22.243+07:00 DEBUG 22612 --- [           main] o.s.s.w.a.AnonymousAuthenticationFilter  : Set SecurityContextHolder to anonymous SecurityContext
]]></system-out>
  </testcase>
  <testcase name="testListRooms_WithSearchTerm" classname="com.example.dorm.controller.RoomControllerTest" time="0.019">
    <system-out><![CDATA[2025-09-10T16:45:22.250+07:00 DEBUG 22612 --- [           main] o.s.security.web.FilterChainProxy        : Securing GET /rooms
2025-09-10T16:45:22.251+07:00 DEBUG 22612 --- [           main] o.s.security.web.FilterChainProxy        : Secured GET /rooms
2025-09-10T16:45:22.254+07:00  WARN 22612 --- [           main] actStandardFragmentInsertionTagProcessor : [THYMELEAF][main][rooms/list] Deprecated unwrapped fragment expression "fragments/header :: header" found in template rooms/list, line 10, col 10. Please use the complete syntax of fragment expressions instead ("~{fragments/header :: header}"). The old, unwrapped syntax for fragment expressions will be removed in future versions of Thymeleaf.
2025-09-10T16:45:22.256+07:00  WARN 22612 --- [           main] actStandardFragmentInsertionTagProcessor : [THYMELEAF][main][rooms/list] Deprecated unwrapped fragment expression "fragments/sidebar :: sidebar" found in template rooms/list, line 11, col 10. Please use the complete syntax of fragment expressions instead ("~{fragments/sidebar :: sidebar}"). The old, unwrapped syntax for fragment expressions will be removed in future versions of Thymeleaf.
2025-09-10T16:45:22.257+07:00  WARN 22612 --- [           main] actStandardFragmentInsertionTagProcessor : [THYMELEAF][main][rooms/list] Deprecated unwrapped fragment expression "fragments/header :: popup" found in template rooms/list, line 15, col 14. Please use the complete syntax of fragment expressions instead ("~{fragments/header :: popup}"). The old, unwrapped syntax for fragment expressions will be removed in future versions of Thymeleaf.
2025-09-10T16:45:22.265+07:00 DEBUG 22612 --- [           main] o.s.s.w.a.AnonymousAuthenticationFilter  : Set SecurityContextHolder to anonymous SecurityContext
]]></system-out>
  </testcase>
  <testcase name="testUpdateRoom_Exception" classname="com.example.dorm.controller.RoomControllerTest" time="0.007">
    <system-out><![CDATA[2025-09-10T16:45:22.271+07:00 DEBUG 22612 --- [           main] o.s.security.web.FilterChainProxy        : Securing POST /rooms/1
2025-09-10T16:45:22.272+07:00 DEBUG 22612 --- [           main] o.s.security.web.FilterChainProxy        : Secured POST /rooms/1
2025-09-10T16:45:22.273+07:00 DEBUG 22612 --- [           main] o.s.s.w.a.AnonymousAuthenticationFilter  : Set SecurityContextHolder to anonymous SecurityContext
]]></system-out>
  </testcase>
</testsuite>